<?xml version="1.0" encoding="UTF-8"?>
<!-- Generated by org.testng.reporters.JUnitReportReporter -->
<testsuite skipped="9" hostname="idea-PC" name="com.hrm.qa.testcases.LoginPageTest" tests="10" failures="0" timestamp="01 Mar 2018 05:55:13 GMT" time="0.703" errors="1">
  <testcase name="setUp" time="0.703" classname="com.hrm.qa.testcases.LoginPageTest">
    <error type="java.lang.IllegalStateException" message="The path to the driver executable must be set by the webdriver.gecko.driver system property; for more information, see https://github.com/mozilla/geckodriver. The latest version can be downloaded from https://github.com/mozilla/geckodriver/releases">
      <![CDATA[java.lang.IllegalStateException: The path to the driver executable must be set by the webdriver.gecko.driver system property; for more information, see https://github.com/mozilla/geckodriver. The latest version can be downloaded from https://github.com/mozilla/geckodriver/releases
	at com.google.common.base.Preconditions.checkState(Preconditions.java:754)
	at org.openqa.selenium.remote.service.DriverService.findExecutable(DriverService.java:124)
	at org.openqa.selenium.firefox.GeckoDriverService.access$100(GeckoDriverService.java:41)
	at org.openqa.selenium.firefox.GeckoDriverService$Builder.findDefaultExecutable(GeckoDriverService.java:141)
	at org.openqa.selenium.remote.service.DriverService$Builder.build(DriverService.java:339)
	at org.openqa.selenium.firefox.FirefoxDriver.toExecutor(FirefoxDriver.java:158)
	at org.openqa.selenium.firefox.FirefoxDriver.<init>(FirefoxDriver.java:120)
	at org.openqa.selenium.firefox.FirefoxDriver.<init>(FirefoxDriver.java:98)
	at com.hrm.qa.base.TestBase.initialization(TestBase.java:38)
	at com.hrm.qa.testcases.LoginPageTest.setUp(LoginPageTest.java:24)
	at sun.reflect.NativeMethodAccessorImpl.invoke0(Native Method)
	at sun.reflect.NativeMethodAccessorImpl.invoke(NativeMethodAccessorImpl.java:62)
	at sun.reflect.DelegatingMethodAccessorImpl.invoke(DelegatingMethodAccessorImpl.java:43)
	at java.lang.reflect.Method.invoke(Method.java:498)
	at org.testng.internal.MethodInvocationHelper.invokeMethod(MethodInvocationHelper.java:108)
	at org.testng.internal.Invoker.invokeConfigurationMethod(Invoker.java:523)
	at org.testng.internal.Invoker.invokeConfigurations(Invoker.java:224)
	at org.testng.internal.Invoker.invokeMethod(Invoker.java:599)
	at org.testng.internal.Invoker.invokeTestMethod(Invoker.java:869)
	at org.testng.internal.Invoker.invokeTestMethods(Invoker.java:1193)
	at org.testng.internal.TestMethodWorker.invokeTestMethods(TestMethodWorker.java:126)
	at org.testng.internal.TestMethodWorker.run(TestMethodWorker.java:109)
	at org.testng.TestRunner.privateRun(TestRunner.java:744)
	at org.testng.TestRunner.run(TestRunner.java:602)
	at org.testng.SuiteRunner.runTest(SuiteRunner.java:380)
	at org.testng.SuiteRunner.runSequentially(SuiteRunner.java:375)
	at org.testng.SuiteRunner.privateRun(SuiteRunner.java:340)
	at org.testng.SuiteRunner.run(SuiteRunner.java:289)
	at org.testng.SuiteRunnerWorker.runSuite(SuiteRunnerWorker.java:52)
	at org.testng.SuiteRunnerWorker.run(SuiteRunnerWorker.java:86)
	at org.testng.TestNG.runSuitesSequentially(TestNG.java:1301)
	at org.testng.TestNG.runSuitesLocally(TestNG.java:1226)
	at org.testng.TestNG.runSuites(TestNG.java:1144)
	at org.testng.TestNG.run(TestNG.java:1115)
	at org.testng.remote.AbstractRemoteTestNG.run(AbstractRemoteTestNG.java:132)
	at org.testng.remote.RemoteTestNG.initAndRun(RemoteTestNG.java:230)
	at org.testng.remote.RemoteTestNG.main(RemoteTestNG.java:76)
]]>
    </error>
  </testcase> <!-- setUp -->
  <testcase name="loginPageTitleTest" time="0.000" classname="com.hrm.qa.testcases.LoginPageTest">
    <skipped/>
  </testcase> <!-- loginPageTitleTest -->
  <testcase name="validateCredentialsLabelTest" time="0.000" classname="com.hrm.qa.testcases.LoginPageTest">
    <skipped/>
  </testcase> <!-- validateCredentialsLabelTest -->
  <testcase name="validateOrangehrmImageTest" time="0.000" classname="com.hrm.qa.testcases.LoginPageTest">
    <skipped/>
  </testcase> <!-- validateOrangehrmImageTest -->
  <testcase name="loginTest" time="0.000" classname="com.hrm.qa.testcases.LoginPageTest">
    <skipped/>
  </testcase> <!-- loginTest -->
  <testcase name="validateUsernameButtonTest" time="0.000" classname="com.hrm.qa.testcases.LoginPageTest">
    <skipped/>
  </testcase> <!-- validateUsernameButtonTest -->
  <testcase name="validatePasswordButtonTest" time="0.000" classname="com.hrm.qa.testcases.LoginPageTest">
    <skipped/>
  </testcase> <!-- validatePasswordButtonTest -->
  <testcase name="validateloginButtonTest" time="0.000" classname="com.hrm.qa.testcases.LoginPageTest">
    <skipped/>
  </testcase> <!-- validateloginButtonTest -->
  <testcase name="validateErrorMessageTest" time="0.000" classname="com.hrm.qa.testcases.LoginPageTest">
    <skipped/>
  </testcase> <!-- validateErrorMessageTest -->
  <testcase name="loginFunctionTest" time="0.000" classname="com.hrm.qa.testcases.LoginPageTest">
    <skipped/>
  </testcase> <!-- loginFunctionTest -->
</testsuite> <!-- com.hrm.qa.testcases.LoginPageTest -->
